number,value,datetime_start,datetime_complete,duration,params_corr_context_size,params_corr_gate_k,params_corr_min_rule_freq,params_corr_negative_ratio,params_corr_prob_threshold,params_gate_min_df,params_gate_ngram_range,params_gate_target_precision,user_attrs_acc_delta,user_attrs_applied,user_attrs_cer_delta,user_attrs_improved,user_attrs_precision,user_attrs_worsened,state
84,0.4797297297297297,2026-01-13 21:32:52.683861,2026-01-13 21:33:01.661441,0 days 00:00:08.977580,4,1.0205544810800742,2,4.975896900079152,0.2286824541889589,6,"(2, 3)",0.5867246223174484,0.0,148.0,-1.9180052745149112e-05,71.0,0.4797297297297297,73.0,COMPLETE
85,0.48717948717948717,2026-01-13 21:33:01.661441,2026-01-13 21:33:10.873047,0 days 00:00:09.211606,4,0.9754393044337855,2,4.857290271343915,0.22749076969093682,7,"(2, 3)",0.5867502712465049,0.0001245717844908789,156.0,0.0,76.0,0.48717948717948717,76.0,COMPLETE
86,0.4722222222222222,2026-01-13 21:33:10.873417,2026-01-13 21:33:19.567548,0 days 00:00:08.694131,4,1.0188458930837634,2,4.965174118914394,0.2299569193615962,8,"(2, 3)",0.5734284490955058,6.228589224543946e-05,144.0,-3.8360105490291285e-05,68.0,0.4722222222222222,72.0,COMPLETE
87,0.4166666666666667,2026-01-13 21:33:19.568549,2026-01-13 21:33:28.687650,0 days 00:00:09.119101,4,1.074054709578674,2,4.999373730520521,0.2039067318961288,8,"(2, 3)",0.5398725704004543,-0.00043600124571785415,144.0,-0.00017262047470630731,60.0,0.4166666666666667,78.0,COMPLETE
88,0.4725274725274725,2026-01-13 21:33:28.688653,2026-01-13 21:33:38.409213,0 days 00:00:09.720560,4,0.934304082923873,2,4.9867278995750475,0.20028022625369088,8,"(2, 3)",0.5235031008751005,-0.0001245717844907679,182.0,-3.8360105490291285e-05,86.0,0.4725274725274725,90.0,COMPLETE
89,0.41134751773049644,2026-01-13 21:33:38.410305,2026-01-13 21:33:48.200815,0 days 00:00:09.790510,4,1.088185263356764,2,4.958544935159765,0.20419101149360852,8,"(2, 3)",0.516420352467202,-0.00043600124571785415,141.0,-0.00018221050107888187,58.0,0.41134751773049644,77.0,COMPLETE
90,0.3512396694214876,2026-01-13 21:33:48.201816,2026-01-13 21:33:57.876413,0 days 00:00:09.674597,3,0.6970299056394942,2,4.886045703936981,0.22946429927463785,8,"(2, 3)",0.5274752481695788,-0.002242292120834599,242.0,-0.0006041716614720721,85.0,0.3512396694214876,148.0,COMPLETE
91,0.40145985401459855,2026-01-13 21:33:57.877413,2026-01-13 21:34:07.906965,0 days 00:00:10.029552,4,1.1192577716706187,2,4.921265236921463,0.20006817209634561,8,"(2, 3)",0.5169285846421282,-0.0006228589224540615,137.0,-0.00020139055382402404,55.0,0.40145985401459855,76.0,COMPLETE
92,0.43537414965986393,2026-01-13 21:34:07.906965,2026-01-13 21:34:18.117339,0 days 00:00:10.210374,4,1.043245215144551,2,4.981172526659824,0.20037323999011236,7,"(2, 3)",0.5423327673314331,-0.0003737153534724147,147.0,-0.0001246703428434484,64.0,0.43537414965986393,77.0,COMPLETE
93,0.43722943722943725,2026-01-13 21:34:18.118337,2026-01-13 21:34:28.146983,0 days 00:00:10.028646,4,0.7733926903914596,2,4.998435239230218,0.22403638852200025,7,"(2, 3)",0.5353876093091089,-0.0004982871379631826,231.0,-0.00019180052745145643,101.0,0.43722943722943725,121.0,COMPLETE
94,0.3547486033519553,2026-01-13 21:34:28.147983,2026-01-13 21:34:38.796842,0 days 00:00:10.648859,4,0.7046241568943902,2,4.790300439924969,0.22285353778073022,7,"(2, 3)",0.485245440991539,-0.0042354406726876626,358.0,-0.0008918724526492464,127.0,0.3547486033519553,220.0,COMPLETE
95,0.3736559139784946,2026-01-13 21:34:38.797840,2026-01-13 21:34:48.160107,0 days 00:00:09.362267,4,0.5031402630883604,2,4.860312671427659,0.2608469436675842,9,"(2, 3)",0.5714181001219957,-0.0021800062285891597,372.0,-0.0007576120834332303,139.0,0.3736559139784946,218.0,COMPLETE
96,0.45454545454545453,2026-01-13 21:34:48.160107,2026-01-13 21:34:57.702450,0 days 00:00:09.542343,4,0.9080561580198299,2,4.739185825631175,0.2711249437751492,7,"(2, 3)",0.5464695712458704,-0.0001245717844907679,198.0,-9.590026372573168e-05,90.0,0.45454545454545453,100.0,COMPLETE
97,0.44878048780487806,2026-01-13 21:34:57.703450,2026-01-13 21:35:06.722234,0 days 00:00:09.018784,4,0.8290268584393393,2,4.744077977430446,0.27360794065193916,7,"(2, 3)",0.5627891492956288,-0.0002491435689816468,205.0,-0.0001246703428434484,92.0,0.44878048780487806,105.0,COMPLETE
98,0.4713375796178344,2026-01-13 21:35:06.723234,2026-01-13 21:35:15.179581,0 days 00:00:08.456347,4,0.9066762904691625,2,4.732013459214495,0.2745707979255883,9,"(2, 3)",0.5834170126826468,0.0002491435689816468,157.0,-2.8770079117723668e-05,74.0,0.4713375796178344,77.0,COMPLETE
99,0.3257918552036199,2026-01-13 21:35:15.179581,2026-01-13 21:35:24.597363,0 days 00:00:09.417782,4,0.8727237926599948,3,4.752303698950937,0.2400801982761529,9,"(2, 3)",0.5846356790572901,-0.001806290875116745,221.0,-0.0005562215296092063,72.0,0.3257918552036199,130.0,COMPLETE
