number,value,datetime_start,datetime_complete,duration,params_corr_context_size,params_corr_gate_k,params_corr_min_rule_freq,params_corr_negative_ratio,params_corr_prob_threshold,params_gate_min_df,params_gate_ngram_range,params_gate_target_precision,user_attrs_acc_delta,user_attrs_applied,user_attrs_cer_delta,user_attrs_improved,user_attrs_precision,user_attrs_worsened,state
0,0.17210682492581603,2026-01-13 21:21:24.230666,2026-01-13 21:21:33.052261,0 days 00:00:08.821595,2,2.029652426497993,5,1.4034771705199693,0.22072493277010738,6,"(2, 3)",0.5674006087952933,-0.0054811585175957855,337.0,-0.0018604651162790753,58.0,0.17210682492581603,252.0,COMPLETE
1,0.19491525423728814,2026-01-13 21:21:33.053261,2026-01-13 21:21:42.555372,0 days 00:00:09.502111,3,4.1951277623832,9,2.009790992718012,0.32627838388354113,6,"(2, 3)",0.4811633295654151,-0.0029274369355341,118.0,-0.0006425317669623634,23.0,0.19491525423728814,90.0,COMPLETE
2,0.3333333333333333,2026-01-13 21:21:42.556373,2026-01-13 21:21:51.015204,0 days 00:00:08.458831,4,2.944888663044651,8,4.163131462416393,0.6464671123716557,2,"(1, 3)",0.655592752539323,0.0001245717844908789,57.0,-0.0001246703428434484,19.0,0.3333333333333333,32.0,COMPLETE
3,0.0,2026-01-13 21:21:51.015204,2026-01-13 21:21:59.808456,0 days 00:00:08.793252,3,4.661604001252847,10,4.572178642343931,0.2646283633621749,8,"(1, 3)",0.5592671549883029,,,,,,,COMPLETE
4,0.0,2026-01-13 21:21:59.809457,2026-01-13 21:22:11.343495,0 days 00:00:11.534038,2,7.9609869558576545,4,2.341908119625839,0.6951569339869191,10,"(1, 3)",0.40228309608414087,,,,,,,COMPLETE
5,0.0,2026-01-13 21:22:11.344495,2026-01-13 21:22:21.546457,0 days 00:00:10.201962,2,3.5065374317447597,6,3.53540997682462,0.5847713491953848,8,"(1, 3)",0.42374207602895414,,,,,,,COMPLETE
6,0.12000000000000002,2026-01-13 21:22:21.547457,2026-01-13 21:22:28.599740,0 days 00:00:07.052283,1,2.243372772116248,6,3.540276138230672,0.35000730341401143,2,"(1, 2)",0.553097335894817,-0.0001245717844907679,34.0,-0.00017262047470630731,6.0,0.17647058823529413,24.0,COMPLETE
7,0.0,2026-01-13 21:22:28.599740,2026-01-13 21:22:37.193506,0 days 00:00:08.593766,2,3.143750290107587,3,3.805548073683192,0.3536467202224148,7,"(2, 3)",0.572153592331498,,,,,,,COMPLETE
8,0.0,2026-01-13 21:22:37.194506,2026-01-13 21:22:46.600003,0 days 00:00:09.405497,1,9.670188892611105,9,4.316922972149131,0.46335886809438254,8,"(2, 3)",0.44676927515513437,,,,,,,COMPLETE
9,0.0,2026-01-13 21:22:46.600003,2026-01-13 21:22:52.868972,0 days 00:00:06.268969,1,4.800346530459171,4,3.5841451195398033,0.31892100013906816,5,"(2, 3)",0.889418543875452,,,,,,,COMPLETE
10,0.15999999999999998,2026-01-13 21:22:52.869972,2026-01-13 21:22:59.522823,0 days 00:00:06.652851,4,0.5709161375181062,8,2.65573153645885,0.7751466579657359,2,"(1, 2)",0.7477572859519843,0.0001245717844908789,29.0,-8.631023735315713e-05,8.0,0.27586206896551724,17.0,COMPLETE
11,0.22807017543859648,2026-01-13 21:22:59.522823,2026-01-13 21:23:07.565712,0 days 00:00:08.042889,4,6.7278116104363495,8,1.7229101744409854,0.5259306944075185,4,"(1, 3)",0.7074971127576758,-0.00031142946122697523,57.0,-0.0002972908175497488,13.0,0.22807017543859648,44.0,COMPLETE
12,0.1834862385321101,2026-01-13 21:23:07.565712,2026-01-13 21:23:15.092880,0 days 00:00:07.527168,4,6.567000066264694,8,1.0655019163196782,0.57504376126518,4,"(1, 3)",0.7149321477626092,-0.0007474307069448294,109.0,-0.0006233517142172143,20.0,0.1834862385321101,85.0,COMPLETE
13,0.19999999999999998,2026-01-13 21:23:15.093880,2026-01-13 21:23:23.530655,0 days 00:00:08.436775,4,6.346492382548594,7,1.7614843326581828,0.4797415615368404,3,"(1, 3)",0.696768876891506,-0.0003737153534724147,45.0,-0.0002109805801965986,10.0,0.2222222222222222,32.0,COMPLETE
14,0.0,2026-01-13 21:23:23.531654,2026-01-13 21:23:30.603076,0 days 00:00:07.071422,3,6.264698576259445,7,2.8740924491837436,0.6306342725447245,4,"(1, 3)",0.7883675380209948,,,,,,,COMPLETE
15,0.0,2026-01-13 21:23:30.603076,2026-01-13 21:23:39.150123,0 days 00:00:08.547047,4,8.717604838368906,10,4.835479213174772,0.700545158238065,3,"(1, 3)",0.6528499735496509,,,,,,,COMPLETE
16,0.0,2026-01-13 21:23:39.151124,2026-01-13 21:23:45.777907,0 days 00:00:06.626783,3,7.165539722737116,8,4.223295419952102,0.5261420454128326,4,"(1, 3)",0.8425034000219718,,,,,,,COMPLETE
17,0.0,2026-01-13 21:23:45.777907,2026-01-13 21:23:52.594984,0 days 00:00:06.817077,4,5.360861282437726,7,3.0300934369724715,0.4245505935245017,2,"(1, 2)",0.6319958200111822,,,,,,,COMPLETE
18,0.32275132275132273,2026-01-13 21:23:52.594984,2026-01-13 21:24:00.999638,0 days 00:00:08.404654,4,0.6282926259698103,9,2.1635529999002276,0.6422470989980293,3,"(1, 3)",0.6371683468811796,-0.0004982871379631826,189.0,-0.0005562215296092063,61.0,0.32275132275132273,119.0,COMPLETE
19,0.0,2026-01-13 21:24:01.000639,2026-01-13 21:24:10.057807,0 days 00:00:09.057168,3,0.5135862368939348,2,2.444125919709691,0.7569487115179712,3,"(1, 3)",0.6273897064467454,,,,,,,COMPLETE
20,0.313953488372093,2026-01-13 21:24:10.058807,2026-01-13 21:24:17.642646,0 days 00:00:07.583839,4,1.6906284217450975,9,3.0652003007298623,0.6613481115820078,5,"(1, 2)",0.49684833394813777,-0.0003737153534724147,86.0,-0.0002781107648046066,27.0,0.313953488372093,56.0,COMPLETE
21,0.32432432432432434,2026-01-13 21:24:17.643647,2026-01-13 21:24:25.338149,0 days 00:00:07.694502,4,1.8102281755247724,9,3.2478215541393216,0.6600166966162583,5,"(1, 2)",0.5061317871220752,0.0,74.0,-0.00023016063294174077,24.0,0.32432432432432434,48.0,COMPLETE
22,0.2923076923076923,2026-01-13 21:24:25.339149,2026-01-13 21:24:32.254870,0 days 00:00:06.915721,4,1.3087847709125238,10,4.166914686399536,0.6114032498030237,5,"(1, 2)",0.6090161935068569,-0.00043600124571785415,65.0,-0.00023975065931431533,19.0,0.2923076923076923,44.0,COMPLETE
23,0.14,2026-01-13 21:24:32.255331,2026-01-13 21:24:40.480497,0 days 00:00:08.225166,3,2.7733354472276357,9,3.2451362434125315,0.7200117880347898,3,"(1, 2)",0.5050029600415198,-0.000560573030208622,28.0,-0.0001054902900982993,7.0,0.25,18.0,COMPLETE
24,0.31999999999999995,2026-01-13 21:24:40.481497,2026-01-13 21:24:47.408461,0 days 00:00:06.926964,4,1.25537032707325,9,3.8852759113599324,0.6598139576523645,2,"(1, 2)",0.6698889601037982,0.0002491435689816468,48.0,-0.00013426036921601603,16.0,0.3333333333333333,30.0,COMPLETE
25,0.25,2026-01-13 21:24:47.409460,2026-01-13 21:24:54.092431,0 days 00:00:06.682971,4,2.6794353960533823,10,2.0095331315579434,0.5568249020914102,6,"(1, 3)",0.7714150068274115,-0.00018685767673620735,88.0,-0.00039319108127547353,22.0,0.25,63.0,COMPLETE
26,0.0,2026-01-13 21:24:54.093431,2026-01-13 21:25:01.049391,0 days 00:00:06.955960,3,3.6678085211897935,6,2.5980254361647988,0.7881737830174981,3,"(1, 2)",0.5981252760055267,,,,,,,COMPLETE
27,0.13999999999999999,2026-01-13 21:25:01.050391,2026-01-13 21:25:10.606287,0 days 00:00:09.555896,4,1.2003871726693123,7,4.865982986306051,0.7359793934971615,5,"(1, 3)",0.5212804584792785,-0.00018685767673620735,21.0,-5.75401582354404e-05,7.0,0.3333333333333333,13.0,COMPLETE
28,0.22,2026-01-13 21:25:10.607287,2026-01-13 21:25:17.478310,0 days 00:00:06.871023,3,2.3308696861394966,8,3.23693749584493,0.6454074982372122,10,"(1, 3)",0.8300333470091302,0.0001245717844908789,36.0,-9.590026372573168e-05,11.0,0.3055555555555556,21.0,COMPLETE
29,0.20833333333333334,2026-01-13 21:25:17.479312,2026-01-13 21:25:24.274231,0 days 00:00:06.794919,4,1.756938249487273,9,1.3063619948732788,0.604819648815483,6,"(1, 2)",0.6643935484848118,-0.0010588601681719156,120.0,-0.0005945816350994976,25.0,0.20833333333333334,87.0,COMPLETE
30,0.2871287128712871,2026-01-13 21:25:24.274231,2026-01-13 21:25:33.577628,0 days 00:00:09.303397,4,0.9476199786206831,5,2.2035914416607865,0.6789761456749053,2,"(2, 3)",0.5873217993833211,-0.0003737153534724147,101.0,-0.0003164708702948979,29.0,0.2871287128712871,62.0,COMPLETE
31,0.34,2026-01-13 21:25:33.577628,2026-01-13 21:25:40.460760,0 days 00:00:06.883132,4,1.837994933873076,9,3.904271778515166,0.659814527524001,2,"(1, 2)",0.6620370587955855,0.00031142946122708626,48.0,-0.00011508031647087386,17.0,0.3541666666666667,29.0,COMPLETE
32,0.18,2026-01-13 21:25:40.460760,2026-01-13 21:25:48.251838,0 days 00:00:07.791078,4,2.3590806622881377,10,3.9477454689565374,0.744631391174064,3,"(1, 2)",0.5421395251478227,0.0,19.0,0.0,9.0,0.47368421052631576,9.0,COMPLETE
33,0.0,2026-01-13 21:25:48.252838,2026-01-13 21:25:55.162666,0 days 00:00:06.909828,4,3.9699337809746815,9,4.540549968824182,0.5465961866926133,2,"(1, 2)",0.6865011704024372,,,,,,,COMPLETE
34,0.30000000000000004,2026-01-13 21:25:55.162666,2026-01-13 21:26:01.693348,0 days 00:00:06.530682,3,1.768945999782743,8,3.3337812847712325,0.620914539466184,4,"(1, 2)",0.7448874866428337,0.0002491435689816468,40.0,-5.75401582354404e-05,15.0,0.375,21.0,COMPLETE
35,0.24,2026-01-13 21:26:01.694349,2026-01-13 21:26:12.064691,0 days 00:00:10.370342,4,2.9929635368544423,9,4.50392143053954,0.7081141880250751,3,"(1, 3)",0.47984824820231875,-0.0011834319526626835,48.0,-0.00022057060656917316,12.0,0.25,35.0,COMPLETE
36,0.23893805309734514,2026-01-13 21:26:12.065694,2026-01-13 21:26:19.882150,0 days 00:00:07.816456,3,2.117796412000148,10,3.7444885113783224,0.5906400073941769,7,"(1, 2)",0.46232127350724117,-0.001806290875116745,113.0,-0.0004986813713737728,27.0,0.23893805309734514,79.0,COMPLETE
37,0.0,2026-01-13 21:26:19.883150,2026-01-13 21:26:27.552232,0 days 00:00:07.669082,2,4.429642307876109,7,4.049555811379564,0.6785927194880589,7,"(2, 3)",0.6310162038405317,,,,,,,COMPLETE
38,0.32051282051282054,2026-01-13 21:26:27.553232,2026-01-13 21:26:35.369888,0 days 00:00:07.816656,4,3.2308378637608617,8,2.8133571247755045,0.4292561213004162,2,"(1, 3)",0.7358672404956894,-6.228589224532843e-05,78.0,-0.00020139055382402404,25.0,0.32051282051282054,46.0,COMPLETE
39,0.2318840579710145,2026-01-13 21:26:35.369888,2026-01-13 21:26:43.795641,0 days 00:00:08.425753,3,0.9632173834230169,5,3.629451358175502,0.648206060046253,9,"(1, 2)",0.4068949322492497,-0.0010588601681719156,69.0,-0.0002972908175497488,16.0,0.2318840579710145,47.0,COMPLETE
40,0.13999999999999999,2026-01-13 21:26:43.796644,2026-01-13 21:26:53.045094,0 days 00:00:09.248450,4,5.083116926282754,10,3.4296077269677023,0.577204944184057,2,"(1, 3)",0.5324494554079333,-0.0003737153534724147,30.0,-0.00014385039558859058,7.0,0.23333333333333334,22.0,COMPLETE
41,0.32967032967032966,2026-01-13 21:26:53.046095,2026-01-13 21:27:01.425798,0 days 00:00:08.379703,4,3.284087623584028,8,2.6742117511252212,0.3897715096767989,2,"(1, 3)",0.7209988037167673,-0.0001245717844907679,91.0,-0.00023016063294174077,30.0,0.32967032967032966,54.0,COMPLETE
42,0.2619047619047619,2026-01-13 21:27:01.425798,2026-01-13 21:27:10.568680,0 days 00:00:09.142882,4,4.0100280596362845,9,2.308238354193746,0.29547105022222603,2,"(1, 3)",0.5746921414438568,-0.0010588601681719156,84.0,-0.00033565092304004007,22.0,0.2619047619047619,57.0,COMPLETE
43,0.2833333333333333,2026-01-13 21:27:10.569682,2026-01-13 21:27:18.743043,0 days 00:00:08.173361,4,3.592720828546164,8,1.9979562573595033,0.2164337484474808,3,"(1, 3)",0.6787682694213794,-0.0006228589224540615,120.0,-0.00041237113402062264,34.0,0.2833333333333333,77.0,COMPLETE
44,0.298932384341637,2026-01-13 21:27:18.744044,2026-01-13 21:27:26.575591,0 days 00:00:07.831547,4,1.6821200071592524,9,2.694030211020729,0.40430454483084327,2,"(2, 3)",0.7138727646531532,-0.0009965742759264762,281.0,-0.0009398225845121122,84.0,0.298932384341637,182.0,COMPLETE
45,0.25882352941176473,2026-01-13 21:27:26.575591,2026-01-13 21:27:33.985924,0 days 00:00:07.410333,4,2.409511050635712,9,2.462279861915526,0.3751650078362364,4,"(1, 3)",0.8045736258231726,0.0,85.0,-0.00034524094941261463,22.0,0.25882352941176473,58.0,COMPLETE
46,0.14271749755620725,2026-01-13 21:27:33.986386,2026-01-13 21:27:42.497336,0 days 00:00:08.510950,2,0.8313365589228066,7,1.634950670752961,0.25794761694267687,3,"(1, 3)",0.6477667723952776,-0.015882902522578624,1023.0,-0.00617597698393671,146.0,0.14271749755620725,790.0,COMPLETE
47,0.0,2026-01-13 21:27:42.498338,2026-01-13 21:27:51.814383,0 days 00:00:09.316045,1,2.7550088641747994,8,4.423485839330888,0.506519157858048,2,"(1, 3)",0.5629575216878056,,,,,,,COMPLETE
48,0.37037037037037035,2026-01-13 21:27:51.815383,2026-01-13 21:27:59.314939,0 days 00:00:07.499556,4,1.505029764863599,8,3.7048791141695374,0.4570790517275024,4,"(2, 3)",0.7208607549475511,0.0003737153534724147,108.0,-0.00017262047470630731,40.0,0.37037037037037035,58.0,COMPLETE
49,0.24,2026-01-13 21:27:59.315939,2026-01-13 21:28:06.079840,0 days 00:00:06.763901,4,3.325780683646177,8,3.682434743008654,0.44478613328239763,5,"(2, 3)",0.7604839024201384,0.0001245717844908789,38.0,-9.590026372573168e-05,12.0,0.3157894736842105,22.0,COMPLETE
50,0.14,2026-01-13 21:28:06.080842,2026-01-13 21:28:12.811430,0 days 00:00:06.730588,3,2.0610244630745638,7,4.712354392283615,0.39123179237622246,6,"(2, 3)",0.7289300051746431,0.0001245717844908789,14.0,9.590026372567617e-06,7.0,0.5,6.0,COMPLETE
51,0.3050847457627119,2026-01-13 21:28:12.811430,2026-01-13 21:28:20.383726,0 days 00:00:07.572296,4,1.2028269878987787,9,3.4903575183700855,0.48329881862199187,4,"(2, 3)",0.6903418678429606,-0.0006851448146993899,236.0,-0.0007576120834332303,72.0,0.3050847457627119,151.0,COMPLETE
52,0.4050632911392405,2026-01-13 21:28:20.384725,2026-01-13 21:28:29.202072,0 days 00:00:08.817347,4,1.5769574325402103,8,4.0796787294588714,0.347270802279967,3,"(2, 3)",0.6144718887843654,0.0005605730302087331,158.0,-0.00016303044833373276,64.0,0.4050632911392405,81.0,COMPLETE
53,0.38461538461538464,2026-01-13 21:28:29.202072,2026-01-13 21:28:37.612242,0 days 00:00:08.410170,4,1.5461900557967112,8,4.019292024229079,0.3608639483199034,4,"(2, 3)",0.60689669103695,0.0,169.0,-0.0002493406856868899,65.0,0.38461538461538464,91.0,COMPLETE
54,0.0,2026-01-13 21:28:37.612242,2026-01-13 21:28:46.016878,0 days 00:00:08.404636,4,5.822444063708122,7,4.29931983207185,0.35700894078652506,4,"(2, 3)",0.6140604697448727,,,,,,,COMPLETE
55,0.40625,2026-01-13 21:28:46.017878,2026-01-13 21:28:54.505209,0 days 00:00:08.487331,4,1.4570280957982227,8,4.0857074192047955,0.3555025859468355,3,"(2, 3)",0.6532382925022746,0.0004982871379632936,160.0,-0.00018221050107888187,65.0,0.40625,84.0,COMPLETE
56,0.35542168674698793,2026-01-13 21:28:54.506209,2026-01-13 21:29:02.889596,0 days 00:00:08.383387,4,1.39626376207984,6,4.112420137192352,0.32902894739037275,3,"(2, 3)",0.6539940701526957,-0.0001245717844907679,166.0,-0.00030688084392232334,59.0,0.35542168674698793,91.0,COMPLETE
57,0.3466666666666667,2026-01-13 21:29:02.890594,2026-01-13 21:29:11.225387,0 days 00:00:08.334793,4,1.3870134149875268,5,4.041270819311626,0.32965679418225796,4,"(2, 3)",0.6508990334918211,-0.00043600124571785415,150.0,-0.00032606089666747246,52.0,0.3466666666666667,86.0,COMPLETE
58,0.3626943005181347,2026-01-13 21:29:11.225387,2026-01-13 21:29:19.762213,0 days 00:00:08.536826,4,1.231958000251267,5,4.070930136679125,0.3205768341746592,4,"(2, 3)",0.6173085520245962,-0.00043600124571785415,193.0,-0.0003644210021577568,70.0,0.3626943005181347,108.0,COMPLETE
59,0.28345323741007195,2026-01-13 21:29:19.762213,2026-01-13 21:29:28.194900,0 days 00:00:08.432687,4,0.5123840313609966,6,4.101507201242152,0.26786366655352833,4,"(2, 3)",0.6108283032485449,-0.006664590470258469,695.0,-0.0024838168304962896,197.0,0.28345323741007195,456.0,COMPLETE
60,0.3149171270718232,2026-01-13 21:29:28.195899,2026-01-13 21:29:38.082763,0 days 00:00:09.886864,4,1.431790480417048,6,4.344588731531287,0.30941514364401196,3,"(2, 3)",0.5778358285600065,-0.0009965742759264762,181.0,-0.0004890913450012052,57.0,0.3149171270718232,108.0,COMPLETE
61,0.34507042253521125,2026-01-13 21:29:38.082763,2026-01-13 21:29:46.474616,0 days 00:00:08.391853,4,1.4389340689690657,5,4.032099810679071,0.3357037130309172,4,"(2, 3)",0.6434508162286361,-0.0002491435689816468,142.0,-0.00030688084392232334,49.0,0.34507042253521125,81.0,COMPLETE
62,0.32791327913279134,2026-01-13 21:29:46.474616,2026-01-13 21:29:55.289603,0 days 00:00:08.814987,4,0.9312776680433527,4,3.824684699861425,0.2817471234228588,4,"(2, 3)",0.5940156224954101,-0.003176580504515747,369.0,-0.0009973627427475457,121.0,0.32791327913279134,225.0,COMPLETE
63,0.38095238095238093,2026-01-13 21:29:55.289603,2026-01-13 21:30:04.702156,0 days 00:00:09.412553,4,2.521522516510004,4,4.222876497056245,0.3496696025543658,5,"(2, 3)",0.619354057678887,-6.228589224532843e-05,63.0,-0.00013426036921601603,24.0,0.38095238095238093,38.0,COMPLETE
64,0.3870967741935484,2026-01-13 21:30:04.702156,2026-01-13 21:30:12.976284,0 days 00:00:08.274128,4,2.4519585049575703,4,4.257796062876471,0.35610101287899193,5,"(2, 3)",0.6221992840162012,-6.228589224532843e-05,62.0,-0.0001246703428434484,24.0,0.3870967741935484,37.0,COMPLETE
65,0.38,2026-01-13 21:30:12.977285,2026-01-13 21:30:21.301653,0 days 00:00:08.324368,4,2.4906876043092003,4,4.678199080092471,0.3579774463513191,5,"(2, 3)",0.6178156672069364,0.0001245717844908789,50.0,-7.672021098058257e-05,19.0,0.38,27.0,COMPLETE
66,0.26,2026-01-13 21:30:21.302656,2026-01-13 21:30:30.367121,0 days 00:00:09.064465,4,2.5692498438143323,3,4.635721474747424,0.3617955929367074,5,"(2, 3)",0.5527356253438134,0.0,27.0,0.0,13.0,0.48148148148148145,13.0,COMPLETE
67,0.39622641509433965,2026-01-13 21:30:30.367121,2026-01-13 21:30:37.793139,0 days 00:00:07.426018,4,2.036855568657621,3,4.275532332060038,0.41304377155122163,5,"(2, 3)",0.7021921703677595,0.0001245717844908789,53.0,-7.672021098058257e-05,21.0,0.39622641509433965,29.0,COMPLETE
68,0.16,2026-01-13 21:30:37.794755,2026-01-13 21:30:46.411035,0 days 00:00:08.616280,3,2.0630939042427205,3,4.809655608616154,0.24109900766113462,5,"(2, 3)",0.5981990658530998,6.228589224543946e-05,17.0,-9.590026372574556e-06,8.0,0.47058823529411764,9.0,COMPLETE
69,0.0,2026-01-13 21:30:46.412035,2026-01-13 21:30:54.436051,0 days 00:00:08.024016,4,8.148723966408497,2,4.240105164668141,0.40871386137525745,5,"(2, 3)",0.6977931568107791,,,,,,,COMPLETE
70,0.34,2026-01-13 21:30:54.437054,2026-01-13 21:31:02.655362,0 days 00:00:08.218308,4,2.8284986117504465,4,4.3863389022723105,0.34619192246700875,6,"(2, 3)",0.6228378249629151,-6.228589224532843e-05,50.0,-0.00014385039558859058,17.0,0.34,32.0,COMPLETE
71,0.32,2026-01-13 21:31:02.656362,2026-01-13 21:31:10.873795,0 days 00:00:08.217433,4,2.4654431696439865,4,4.984332613481627,0.4483064630113259,5,"(2, 3)",0.6757288671867285,6.228589224543946e-05,44.0,-0.0001054902900982993,16.0,0.36363636363636365,27.0,COMPLETE
72,0.36764705882352944,2026-01-13 21:31:10.874799,2026-01-13 21:31:19.757756,0 days 00:00:08.882957,4,1.960560679268808,3,4.5056568568102415,0.3754688545792186,5,"(2, 3)",0.5850283243877299,-6.228589224532843e-05,68.0,-0.00016303044833373276,25.0,0.36764705882352944,42.0,COMPLETE
73,0.36,2026-01-13 21:31:19.757756,2026-01-13 21:31:27.668650,0 days 00:00:07.910894,4,2.132759755636852,3,4.629017476733911,0.42558902112434893,5,"(2, 3)",0.6666599870264382,0.00018685767673620735,48.0,-0.0001054902900982993,18.0,0.375,29.0,COMPLETE
74,0.3620689655172414,2026-01-13 21:31:27.669651,2026-01-13 21:31:35.335849,0 days 00:00:07.666198,4,2.2235621982426577,4,3.9241323052000574,0.3732742609645202,6,"(2, 3)",0.7047458834771549,0.0001245717844908789,58.0,-0.0001246703428434484,21.0,0.3620689655172414,34.0,COMPLETE
75,0.4583333333333333,2026-01-13 21:31:35.335849,2026-01-13 21:31:44.181961,0 days 00:00:08.846112,4,1.6209174187815063,2,4.241018875404135,0.2952915501908908,5,"(2, 3)",0.6396959379687361,0.0003737153534724147,72.0,-4.795013186286584e-05,33.0,0.4583333333333333,38.0,COMPLETE
76,0.12,2026-01-13 21:31:44.182960,2026-01-13 21:31:52.711851,0 days 00:00:08.528891,4,3.083773904371374,2,4.210976209814904,0.3050133310553464,6,"(2, 3)",0.638799866627919,-6.228589224532843e-05,11.0,9.590026372567617e-06,6.0,0.5454545454545454,5.0,COMPLETE
77,0.0,2026-01-13 21:31:52.711851,2026-01-13 21:32:01.456865,0 days 00:00:08.745014,1,1.646365883983493,2,4.4547481514563145,0.34521597096510825,5,"(2, 3)",0.6041145981161937,,,,,,,COMPLETE
78,0.31999999999999995,2026-01-13 21:32:01.456865,2026-01-13 21:32:09.481659,0 days 00:00:08.024794,4,2.529777603591332,3,4.30985685057299,0.40206750456954954,7,"(2, 3)",0.6300511468228259,0.0001245717844908789,47.0,-0.00013426036921601603,16.0,0.3404255319148936,30.0,COMPLETE
79,0.3137931034482759,2026-01-13 21:32:09.482532,2026-01-13 21:32:18.451717,0 days 00:00:08.969185,3,0.7731120539809385,4,4.771551736753845,0.2878860493370155,5,"(2, 3)",0.5562091316001294,-0.0028651510432886607,290.0,-0.0008343322944138129,91.0,0.3137931034482759,178.0,COMPLETE
80,0.4846153846153846,2026-01-13 21:32:18.452546,2026-01-13 21:32:26.971319,0 days 00:00:08.518773,4,1.045924196262667,2,4.941809363185095,0.239910264033117,6,"(2, 3)",0.6218121549997033,0.00043600124571785415,130.0,0.0,63.0,0.4846153846153846,63.0,COMPLETE
81,0.0,2026-01-13 21:32:26.971319,2026-01-13 21:32:35.242755,0 days 00:00:08.271436,4,9.661769134381387,2,4.570531330584706,0.24489386058799628,6,"(2, 3)",0.6241319401303621,,,,,,,COMPLETE
82,0.5032679738562091,2026-01-13 21:32:35.242755,2026-01-13 21:32:44.003222,0 days 00:00:08.760467,4,1.0142841546578945,2,4.956789651197397,0.311929934089775,5,"(2, 3)",0.5919508988328172,0.0006228589224540615,153.0,6.713018460800108e-05,77.0,0.5032679738562091,70.0,COMPLETE
83,0.4418604651162791,2026-01-13 21:32:44.004222,2026-01-13 21:32:52.683861,0 days 00:00:08.679639,4,1.0960727479728902,2,4.948046529844377,0.3163210883225309,6,"(2, 3)",0.6028568126530089,-0.00018685767673620735,129.0,-0.0001054902900982993,57.0,0.4418604651162791,68.0,COMPLETE
